# JRE version: 7.0_09-b05
# Java VM: Java HotSpot(TM) Client VM (23.5-b02 mixed mode linux-x86 )
Heap
 def new generation   total 4928K, used 3721K [0xe06f0000, 0xe0c40000, 0xe5c40000)
  eden space 4416K,  72% used [0xe06f0000, 0xe0a12600, 0xe0b40000)
  from space 512K, 100% used [0xe0b40000, 0xe0bc0000, 0xe0bc0000)
  to   space 512K,   0% used [0xe0bc0000, 0xe0bc0000, 0xe0c40000)
 tenured generation   total 10944K, used 10782K [0xe5c40000, 0xe66f0000, 0xf06f0000)
   the space 10944K,  98% used [0xe5c40000, 0xe66c7ab0, 0xe66c7c00, 0xe66f0000)
 compacting perm gen  total 12288K, used 12082K [0xf06f0000, 0xf12f0000, 0xf46f0000)
   the space 12288K,  98% used [0xf06f0000, 0xf12bcb98, 0xf12bcc00, 0xf12f0000)
GC Heap History (10 events):
Event: 1,486 GC heap before
{Heap before GC invocations=7 (full 0):
 def new generation   total 4928K, used 4928K [0xe06f0000, 0xe0c40000, 0xe5c40000)
  eden space 4416K, 100% used [0xe06f0000, 0xe0b40000, 0xe0b40000)
  from space 512K, 100% used [0xe0bc0000, 0xe0c40000, 0xe0c40000)
  to   space 512K,   0% used [0xe0b40000, 0xe0b40000, 0xe0bc0000)
 tenured generation   total 10944K, used 5375K [0xe5c40000, 0xe66f0000, 0xf06f0000)
   the space 10944K,  49% used [0xe5c40000, 0xe617fde0, 0xe617fe00, 0xe66f0000)
 compacting perm gen  total 12288K, used 8521K [0xf06f0000, 0xf12f0000, 0xf46f0000)
   the space 12288K,  69% used [0xf06f0000, 0xf0f424a0, 0xf0f42600, 0xf12f0000)
No shared spaces configured.
Event: 1,493 GC heap after
Heap after GC invocations=8 (full 0):
 def new generation   total 4928K, used 512K [0xe06f0000, 0xe0c40000, 0xe5c40000)
  eden space 4416K,   0% used [0xe06f0000, 0xe06f0000, 0xe0b40000)
  from space 512K, 100% used [0xe0b40000, 0xe0bc0000, 0xe0bc0000)
  to   space 512K,   0% used [0xe0bc0000, 0xe0bc0000, 0xe0c40000)
 tenured generation   total 10944K, used 6863K [0xe5c40000, 0xe66f0000, 0xf06f0000)
   the space 10944K,  62% used [0xe5c40000, 0xe62f3e10, 0xe62f4000, 0xe66f0000)
 compacting perm gen  total 12288K, used 8521K [0xf06f0000, 0xf12f0000, 0xf46f0000)
   the space 12288K,  69% used [0xf06f0000, 0xf0f424a0, 0xf0f42600, 0xf12f0000)
No shared spaces configured.
}
Event: 1,638 GC heap before
{Heap before GC invocations=8 (full 0):
 def new generation   total 4928K, used 4928K [0xe06f0000, 0xe0c40000, 0xe5c40000)
  eden space 4416K, 100% used [0xe06f0000, 0xe0b40000, 0xe0b40000)
  from space 512K, 100% used [0xe0b40000, 0xe0bc0000, 0xe0bc0000)
  to   space 512K,   0% used [0xe0bc0000, 0xe0bc0000, 0xe0c40000)
 tenured generation   total 10944K, used 6863K [0xe5c40000, 0xe66f0000, 0xf06f0000)
   the space 10944K,  62% used [0xe5c40000, 0xe62f3e10, 0xe62f4000, 0xe66f0000)
 compacting perm gen  total 12288K, used 9190K [0xf06f0000, 0xf12f0000, 0xf46f0000)
   the space 12288K,  74% used [0xf06f0000, 0xf0fe9820, 0xf0fe9a00, 0xf12f0000)
No shared spaces configured.
Event: 1,645 GC heap after
Heap after GC invocations=9 (full 0):
 def new generation   total 4928K, used 512K [0xe06f0000, 0xe0c40000, 0xe5c40000)
  eden space 4416K,   0% used [0xe06f0000, 0xe06f0000, 0xe0b40000)
  from space 512K, 100% used [0xe0bc0000, 0xe0c40000, 0xe0c40000)
  to   space 512K,   0% used [0xe0b40000, 0xe0b40000, 0xe0bc0000)
 tenured generation   total 10944K, used 8251K [0xe5c40000, 0xe66f0000, 0xf06f0000)
   the space 10944K,  75% used [0xe5c40000, 0xe644ecd8, 0xe644ee00, 0xe66f0000)
 compacting perm gen  total 12288K, used 9190K [0xf06f0000, 0xf12f0000, 0xf46f0000)
   the space 12288K,  74% used [0xf06f0000, 0xf0fe9820, 0xf0fe9a00, 0xf12f0000)
No shared spaces configured.
}
Event: 1,776 GC heap before
{Heap before GC invocations=9 (full 0):
 def new generation   total 4928K, used 3783K [0xe06f0000, 0xe0c40000, 0xe5c40000)
  eden space 4416K,  74% used [0xe06f0000, 0xe0a21e40, 0xe0b40000)
  from space 512K, 100% used [0xe0bc0000, 0xe0c40000, 0xe0c40000)
  to   space 512K,   0% used [0xe0b40000, 0xe0b40000, 0xe0bc0000)
 tenured generation   total 10944K, used 8251K [0xe5c40000, 0xe66f0000, 0xf06f0000)
   the space 10944K,  75% used [0xe5c40000, 0xe644ecd8, 0xe644ee00, 0xe66f0000)
 compacting perm gen  total 12288K, used 9676K [0xf06f0000, 0xf12f0000, 0xf46f0000)
   the space 12288K,  78% used [0xf06f0000, 0xf10631b8, 0xf1063200, 0xf12f0000)
No shared spaces configured.
Event: 1,782 GC heap after
Heap after GC invocations=10 (full 0):
 def new generation   total 4928K, used 461K [0xe06f0000, 0xe0c40000, 0xe5c40000)
  eden space 4416K,   0% used [0xe06f0000, 0xe06f0000, 0xe0b40000)
  from space 512K,  90% used [0xe0b40000, 0xe0bb3450, 0xe0bc0000)
  to   space 512K,   0% used [0xe0bc0000, 0xe0bc0000, 0xe0c40000)
 tenured generation   total 10944K, used 9435K [0xe5c40000, 0xe66f0000, 0xf06f0000)
   the space 10944K,  86% used [0xe5c40000, 0xe6576e28, 0xe6577000, 0xe66f0000)
 compacting perm gen  total 12288K, used 9676K [0xf06f0000, 0xf12f0000, 0xf46f0000)
   the space 12288K,  78% used [0xf06f0000, 0xf10631b8, 0xf1063200, 0xf12f0000)
No shared spaces configured.
}
Event: 1,915 GC heap before
{Heap before GC invocations=10 (full 0):
 def new generation   total 4928K, used 4877K [0xe06f0000, 0xe0c40000, 0xe5c40000)
  eden space 4416K, 100% used [0xe06f0000, 0xe0b40000, 0xe0b40000)
  from space 512K,  90% used [0xe0b40000, 0xe0bb3450, 0xe0bc0000)
  to   space 512K,   0% used [0xe0bc0000, 0xe0bc0000, 0xe0c40000)
 tenured generation   total 10944K, used 9435K [0xe5c40000, 0xe66f0000, 0xf06f0000)
   the space 10944K,  86% used [0xe5c40000, 0xe6576e28, 0xe6577000, 0xe66f0000)
 compacting perm gen  total 12288K, used 9911K [0xf06f0000, 0xf12f0000, 0xf46f0000)
   the space 12288K,  80% used [0xf06f0000, 0xf109dd70, 0xf109de00, 0xf12f0000)
No shared spaces configured.
Event: 1,920 GC heap after
Heap after GC invocations=11 (full 0):
 def new generation   total 4928K, used 512K [0xe06f0000, 0xe0c40000, 0xe5c40000)
  eden space 4416K,   0% used [0xe06f0000, 0xe06f0000, 0xe0b40000)
  from space 512K, 100% used [0xe0bc0000, 0xe0c40000, 0xe0c40000)
  to   space 512K,   0% used [0xe0b40000, 0xe0b40000, 0xe0bc0000)
 tenured generation   total 10944K, used 10131K [0xe5c40000, 0xe66f0000, 0xf06f0000)
   the space 10944K,  92% used [0xe5c40000, 0xe6624e00, 0xe6624e00, 0xe66f0000)
 compacting perm gen  total 12288K, used 9911K [0xf06f0000, 0xf12f0000, 0xf46f0000)
   the space 12288K,  80% used [0xf06f0000, 0xf109dd70, 0xf109de00, 0xf12f0000)
No shared spaces configured.
}
Event: 3,023 GC heap before
{Heap before GC invocations=11 (full 0):
 def new generation   total 4928K, used 4911K [0xe06f0000, 0xe0c40000, 0xe5c40000)
  eden space 4416K,  99% used [0xe06f0000, 0xe0b3be80, 0xe0b40000)
  from space 512K, 100% used [0xe0bc0000, 0xe0c40000, 0xe0c40000)
  to   space 512K,   0% used [0xe0b40000, 0xe0b40000, 0xe0bc0000)
 tenured generation   total 10944K, used 10131K [0xe5c40000, 0xe66f0000, 0xf06f0000)
   the space 10944K,  92% used [0xe5c40000, 0xe6624e00, 0xe6624e00, 0xe66f0000)
 compacting perm gen  total 12288K, used 11006K [0xf06f0000, 0xf12f0000, 0xf46f0000)
   the space 12288K,  89% used [0xf06f0000, 0xf11afae0, 0xf11afc00, 0xf12f0000)
No shared spaces configured.
Event: 3,027 GC heap after
Heap after GC invocations=12 (full 0):
 def new generation   total 4928K, used 512K [0xe06f0000, 0xe0c40000, 0xe5c40000)
  eden space 4416K,   0% used [0xe06f0000, 0xe06f0000, 0xe0b40000)
  from space 512K, 100% used [0xe0b40000, 0xe0bc0000, 0xe0bc0000)
  to   space 512K,   0% used [0xe0bc0000, 0xe0bc0000, 0xe0c40000)
 tenured generation   total 10944K, used 10782K [0xe5c40000, 0xe66f0000, 0xf06f0000)
   the space 10944K,  98% used [0xe5c40000, 0xe66c7ab0, 0xe66c7c00, 0xe66f0000)
 compacting perm gen  total 12288K, used 11006K [0xf06f0000, 0xf12f0000, 0xf46f0000)
   the space 12288K,  89% used [0xf06f0000, 0xf11afae0, 0xf11afc00, 0xf12f0000)
No shared spaces configured.
}

